<?xml version="1.0" encoding="UTF-8" ?>
<testsuite tests="11" failures="0" name="suites.TestSuite" time="484.385" errors="0" skipped="0">
  <properties>
[...]
</properties>
  <testcase classname="tests.ArticleTests" name="testCompareArticleTitle" time="42.724"/>
  <testcase classname="tests.ArticleTests" name="testSwipeArticle" time="58.169"/>
  <testcase classname="tests.MyListsTests" name="testSaveFirstArticleToMyList" time="70.329"/>
  <testcase classname="tests.SearchTests" name="testAmountOfNotEmptySearch" time="36.896"/>
  <testcase classname="tests.SearchTests" name="testAmountOfEmptySearch" time="33.374"/>
  <testcase classname="tests.SearchTests" name="testCancelSearch" time="34.402"/>
  <testcase classname="tests.SearchTests" name="testSearchByTitleAndDescription" time="36.416"/>
  <testcase classname="tests.SearchTests" name="testSearchTextAndCancel" time="47.736"/>
  <testcase classname="tests.SearchTests" name="testSearch" time="40.784"/>
  <testcase classname="tests.ChangeAppConditionTests" name="testChangeScreenOrientationOnSearchResults" time="42.111"/>
  <testcase classname="tests.ChangeAppConditionTests" name="testCheckSearchArticleInBackground" time="41.444"/>
</testsuite>